<?xml version="1.0" encoding="UTF-8"?>
<testng-results ignored="0" total="3" passed="3" failed="0" skipped="0">
  <reporter-output>
    <line>
      <![CDATA[Hello Python]]>
    </line>
    <line>
      <![CDATA[Hello Selenium]]>
    </line>
    <line>
      <![CDATA[Hello Java]]>
    </line>
  </reporter-output>
  <suite started-at="2022-03-31T21:36:27 EDT" name="Suite" finished-at="2022-03-31T21:36:27 EDT" duration-ms="48">
    <groups>
    </groups>
    <test started-at="2022-03-31T21:36:27 EDT" name="Test" finished-at="2022-03-31T21:36:27 EDT" duration-ms="48">
      <class name="scripts.Test1">
        <test-method signature="demo()[pri:0, instance:scripts.Test1@6a84a97d]" started-at="2022-03-31T21:36:27 EDT" name="demo" finished-at="2022-03-31T21:36:27 EDT" duration-ms="2" status="PASS">
          <reporter-output>
            <line>
              <![CDATA[Hello Java]]>
            </line>
          </reporter-output>
        </test-method> <!-- demo -->
      </class> <!-- scripts.Test1 -->
      <class name="scripts.Test3">
        <test-method signature="tc3()[pri:0, instance:scripts.Test3@a3d8174]" started-at="2022-03-31T21:36:27 EDT" name="tc3" finished-at="2022-03-31T21:36:27 EDT" duration-ms="6" status="PASS">
          <reporter-output>
            <line>
              <![CDATA[Hello Python]]>
            </line>
          </reporter-output>
        </test-method> <!-- tc3 -->
      </class> <!-- scripts.Test3 -->
      <class name="scripts.Test2">
        <test-method signature="tc2()[pri:0, instance:scripts.Test2@48974e45]" started-at="2022-03-31T21:36:27 EDT" name="tc2" finished-at="2022-03-31T21:36:27 EDT" duration-ms="1" status="PASS">
          <reporter-output>
            <line>
              <![CDATA[Hello Selenium]]>
            </line>
          </reporter-output>
        </test-method> <!-- tc2 -->
      </class> <!-- scripts.Test2 -->
    </test> <!-- Test -->
  </suite> <!-- Suite -->
</testng-results>
